Seq	Host	Starttime	JobRuntime	Send	Receive	Exitval	Signal	Command
2	:	1534338647.307	     0.657	0	0	0	0	./visuallize_world_cup.py --src_file ./output2_raw_merged/day_100.out --out_folder ./output3_postprocessed
8	:	1534338647.331	     0.635	0	0	0	0	./visuallize_world_cup.py --src_file ./output2_raw_merged/day_15.out --out_folder ./output3_postprocessed
6	:	1534338647.323	     0.648	0	0	0	0	./visuallize_world_cup.py --src_file ./output2_raw_merged/day_13.out --out_folder ./output3_postprocessed
14	:	1534338647.445	     0.529	0	0	0	0	./visuallize_world_cup.py --src_file ./output2_raw_merged/day_20.out --out_folder ./output3_postprocessed
12	:	1534338647.378	     0.601	0	0	0	0	./visuallize_world_cup.py --src_file ./output2_raw_merged/day_19.out --out_folder ./output3_postprocessed
1	:	1534338647.305	     0.687	0	0	0	0	./visuallize_world_cup.py --src_file ./output2_raw_merged/day_0.out --out_folder ./output3_postprocessed
7	:	1534338647.325	     0.668	0	0	0	0	./visuallize_world_cup.py --src_file ./output2_raw_merged/day_14.out --out_folder ./output3_postprocessed
10	:	1534338647.335	     0.667	0	0	0	0	./visuallize_world_cup.py --src_file ./output2_raw_merged/day_17.out --out_folder ./output3_postprocessed
4	:	1534338647.320	     0.690	0	0	0	0	./visuallize_world_cup.py --src_file ./output2_raw_merged/day_11.out --out_folder ./output3_postprocessed
5	:	1534338647.322	     0.690	0	0	0	0	./visuallize_world_cup.py --src_file ./output2_raw_merged/day_12.out --out_folder ./output3_postprocessed
9	:	1534338647.333	     0.689	0	0	0	0	./visuallize_world_cup.py --src_file ./output2_raw_merged/day_16.out --out_folder ./output3_postprocessed
11	:	1534338647.344	     0.680	0	0	0	0	./visuallize_world_cup.py --src_file ./output2_raw_merged/day_18.out --out_folder ./output3_postprocessed
13	:	1534338647.437	     0.625	0	0	0	0	./visuallize_world_cup.py --src_file ./output2_raw_merged/day_1.out --out_folder ./output3_postprocessed
15	:	1534338647.450	     0.636	0	0	0	0	./visuallize_world_cup.py --src_file ./output2_raw_merged/day_21.out --out_folder ./output3_postprocessed
17	:	1534338647.467	     0.624	0	0	0	0	./visuallize_world_cup.py --src_file ./output2_raw_merged/day_23.out --out_folder ./output3_postprocessed
21	:	1534338647.551	     0.579	0	0	0	0	./visuallize_world_cup.py --src_file ./output2_raw_merged/day_27.out --out_folder ./output3_postprocessed
20	:	1534338647.538	     0.712	0	0	0	0	./visuallize_world_cup.py --src_file ./output2_raw_merged/day_26.out --out_folder ./output3_postprocessed
22	:	1534338647.578	     0.687	0	0	0	0	./visuallize_world_cup.py --src_file ./output2_raw_merged/day_28.out --out_folder ./output3_postprocessed
16	:	1534338647.458	     0.851	0	0	0	0	./visuallize_world_cup.py --src_file ./output2_raw_merged/day_22.out --out_folder ./output3_postprocessed
18	:	1534338647.510	     0.812	0	0	0	0	./visuallize_world_cup.py --src_file ./output2_raw_merged/day_24.out --out_folder ./output3_postprocessed
23	:	1534338647.603	     0.738	0	0	0	0	./visuallize_world_cup.py --src_file ./output2_raw_merged/day_29.out --out_folder ./output3_postprocessed
24	:	1534338647.615	     0.752	0	0	0	0	./visuallize_world_cup.py --src_file ./output2_raw_merged/day_2.out --out_folder ./output3_postprocessed
19	:	1534338647.514	     0.893	0	0	0	0	./visuallize_world_cup.py --src_file ./output2_raw_merged/day_25.out --out_folder ./output3_postprocessed
26	:	1534338647.970	     0.552	0	0	0	0	./visuallize_world_cup.py --src_file ./output2_raw_merged/day_31.out --out_folder ./output3_postprocessed
27	:	1534338647.975	     0.600	0	0	0	0	./visuallize_world_cup.py --src_file ./output2_raw_merged/day_32.out --out_folder ./output3_postprocessed
29	:	1534338647.991	     0.585	0	0	0	0	./visuallize_world_cup.py --src_file ./output2_raw_merged/day_34.out --out_folder ./output3_postprocessed
33	:	1534338648.013	     0.565	0	0	0	0	./visuallize_world_cup.py --src_file ./output2_raw_merged/day_38.out --out_folder ./output3_postprocessed
25	:	1534338647.967	     0.652	0	0	0	0	./visuallize_world_cup.py --src_file ./output2_raw_merged/day_30.out --out_folder ./output3_postprocessed
34	:	1534338648.022	     0.641	0	0	0	0	./visuallize_world_cup.py --src_file ./output2_raw_merged/day_39.out --out_folder ./output3_postprocessed
36	:	1534338648.062	     0.634	0	0	0	0	./visuallize_world_cup.py --src_file ./output2_raw_merged/day_40.out --out_folder ./output3_postprocessed
28	:	1534338647.979	     0.791	0	0	0	0	./visuallize_world_cup.py --src_file ./output2_raw_merged/day_33.out --out_folder ./output3_postprocessed
30	:	1534338647.994	     0.824	0	0	0	0	./visuallize_world_cup.py --src_file ./output2_raw_merged/day_35.out --out_folder ./output3_postprocessed
31	:	1534338648.003	     0.841	0	0	0	0	./visuallize_world_cup.py --src_file ./output2_raw_merged/day_36.out --out_folder ./output3_postprocessed
32	:	1534338648.011	     0.861	0	0	0	0	./visuallize_world_cup.py --src_file ./output2_raw_merged/day_37.out --out_folder ./output3_postprocessed
35	:	1534338648.025	     0.848	0	0	0	0	./visuallize_world_cup.py --src_file ./output2_raw_merged/day_3.out --out_folder ./output3_postprocessed
38	:	1534338648.091	     0.784	0	0	0	0	./visuallize_world_cup.py --src_file ./output2_raw_merged/day_42.out --out_folder ./output3_postprocessed
43	:	1534338648.322	     0.555	0	0	0	0	./visuallize_world_cup.py --src_file ./output2_raw_merged/day_47.out --out_folder ./output3_postprocessed
40	:	1534338648.187	     0.720	0	0	0	0	./visuallize_world_cup.py --src_file ./output2_raw_merged/day_44.out --out_folder ./output3_postprocessed
39	:	1534338648.095	     0.832	0	0	0	0	./visuallize_world_cup.py --src_file ./output2_raw_merged/day_43.out --out_folder ./output3_postprocessed
37	:	1534338648.087	     0.897	0	0	0	0	./visuallize_world_cup.py --src_file ./output2_raw_merged/day_41.out --out_folder ./output3_postprocessed
41	:	1534338648.264	     0.739	0	0	0	0	./visuallize_world_cup.py --src_file ./output2_raw_merged/day_45.out --out_folder ./output3_postprocessed
44	:	1534338648.341	     0.694	0	0	0	0	./visuallize_world_cup.py --src_file ./output2_raw_merged/day_48.out --out_folder ./output3_postprocessed
45	:	1534338648.367	     0.675	0	0	0	0	./visuallize_world_cup.py --src_file ./output2_raw_merged/day_49.out --out_folder ./output3_postprocessed
46	:	1534338648.388	     0.716	0	0	0	0	./visuallize_world_cup.py --src_file ./output2_raw_merged/day_4.out --out_folder ./output3_postprocessed
47	:	1534338648.452	     0.700	0	0	0	0	./visuallize_world_cup.py --src_file ./output2_raw_merged/day_50.out --out_folder ./output3_postprocessed
51	:	1534338648.584	     0.599	0	0	0	0	./visuallize_world_cup.py --src_file ./output2_raw_merged/day_54.out --out_folder ./output3_postprocessed
42	:	1534338648.310	     0.932	0	0	0	0	./visuallize_world_cup.py --src_file ./output2_raw_merged/day_46.out --out_folder ./output3_postprocessed
49	:	1534338648.577	     0.705	0	0	0	0	./visuallize_world_cup.py --src_file ./output2_raw_merged/day_52.out --out_folder ./output3_postprocessed
54	:	1534338648.728	     0.573	0	0	0	0	./visuallize_world_cup.py --src_file ./output2_raw_merged/day_57.out --out_folder ./output3_postprocessed
53	:	1534338648.696	     0.645	0	0	0	0	./visuallize_world_cup.py --src_file ./output2_raw_merged/day_56.out --out_folder ./output3_postprocessed
48	:	1534338648.574	     0.777	0	0	0	0	./visuallize_world_cup.py --src_file ./output2_raw_merged/day_51.out --out_folder ./output3_postprocessed
59	:	1534338648.876	     0.516	0	0	0	0	./visuallize_world_cup.py --src_file ./output2_raw_merged/day_61.out --out_folder ./output3_postprocessed
50	:	1534338648.579	     0.815	0	0	0	0	./visuallize_world_cup.py --src_file ./output2_raw_merged/day_53.out --out_folder ./output3_postprocessed
52	:	1534338648.663	     0.839	0	0	0	0	./visuallize_world_cup.py --src_file ./output2_raw_merged/day_55.out --out_folder ./output3_postprocessed
55	:	1534338648.818	     0.741	0	0	0	0	./visuallize_world_cup.py --src_file ./output2_raw_merged/day_58.out --out_folder ./output3_postprocessed
64	:	1534338649.003	     0.592	0	0	0	0	./visuallize_world_cup.py --src_file ./output2_raw_merged/day_66.out --out_folder ./output3_postprocessed
56	:	1534338648.843	     0.794	0	0	0	0	./visuallize_world_cup.py --src_file ./output2_raw_merged/day_59.out --out_folder ./output3_postprocessed
60	:	1534338648.878	     0.772	0	0	0	0	./visuallize_world_cup.py --src_file ./output2_raw_merged/day_62.out --out_folder ./output3_postprocessed
57	:	1534338648.871	     0.815	0	0	0	0	./visuallize_world_cup.py --src_file ./output2_raw_merged/day_5.out --out_folder ./output3_postprocessed
58	:	1534338648.874	     0.868	0	0	0	0	./visuallize_world_cup.py --src_file ./output2_raw_merged/day_60.out --out_folder ./output3_postprocessed
63	:	1534338648.984	     0.799	0	0	0	0	./visuallize_world_cup.py --src_file ./output2_raw_merged/day_65.out --out_folder ./output3_postprocessed
65	:	1534338649.035	     0.769	0	0	0	0	./visuallize_world_cup.py --src_file ./output2_raw_merged/day_67.out --out_folder ./output3_postprocessed
61	:	1534338648.907	     0.955	0	0	0	0	./visuallize_world_cup.py --src_file ./output2_raw_merged/day_63.out --out_folder ./output3_postprocessed
62	:	1534338648.927	     0.944	0	0	0	0	./visuallize_world_cup.py --src_file ./output2_raw_merged/day_64.out --out_folder ./output3_postprocessed
66	:	1534338649.043	     0.844	0	0	0	0	./visuallize_world_cup.py --src_file ./output2_raw_merged/day_68.out --out_folder ./output3_postprocessed
67	:	1534338649.045	     0.845	0	0	0	0	./visuallize_world_cup.py --src_file ./output2_raw_merged/day_69.out --out_folder ./output3_postprocessed
68	:	1534338649.112	     0.795	0	0	0	0	./visuallize_world_cup.py --src_file ./output2_raw_merged/day_6.out --out_folder ./output3_postprocessed
69	:	1534338649.183	     0.740	0	0	0	0	./visuallize_world_cup.py --src_file ./output2_raw_merged/day_70.out --out_folder ./output3_postprocessed
70	:	1534338649.185	     0.766	0	0	0	0	./visuallize_world_cup.py --src_file ./output2_raw_merged/day_71.out --out_folder ./output3_postprocessed
71	:	1534338649.245	     0.713	0	0	0	0	./visuallize_world_cup.py --src_file ./output2_raw_merged/day_72.out --out_folder ./output3_postprocessed
72	:	1534338649.296	     0.680	0	0	0	0	./visuallize_world_cup.py --src_file ./output2_raw_merged/day_73.out --out_folder ./output3_postprocessed
73	:	1534338649.303	     0.687	0	0	0	0	./visuallize_world_cup.py --src_file ./output2_raw_merged/day_74.out --out_folder ./output3_postprocessed
76	:	1534338649.394	     0.609	0	0	0	0	./visuallize_world_cup.py --src_file ./output2_raw_merged/day_77.out --out_folder ./output3_postprocessed
75	:	1534338649.362	     0.716	0	0	0	0	./visuallize_world_cup.py --src_file ./output2_raw_merged/day_76.out --out_folder ./output3_postprocessed
78	:	1534338649.507	     0.621	0	0	0	0	./visuallize_world_cup.py --src_file ./output2_raw_merged/day_79.out --out_folder ./output3_postprocessed
79	:	1534338649.595	     0.542	0	0	0	0	./visuallize_world_cup.py --src_file ./output2_raw_merged/day_7.out --out_folder ./output3_postprocessed
74	:	1534338649.351	     0.803	0	0	0	0	./visuallize_world_cup.py --src_file ./output2_raw_merged/day_75.out --out_folder ./output3_postprocessed
77	:	1534338649.396	     0.779	0	0	0	0	./visuallize_world_cup.py --src_file ./output2_raw_merged/day_78.out --out_folder ./output3_postprocessed
80	:	1534338649.624	     0.598	0	0	0	0	./visuallize_world_cup.py --src_file ./output2_raw_merged/day_80.out --out_folder ./output3_postprocessed
82	:	1534338649.661	     0.565	0	0	0	0	./visuallize_world_cup.py --src_file ./output2_raw_merged/day_82.out --out_folder ./output3_postprocessed
81	:	1534338649.642	     0.627	0	0	0	0	./visuallize_world_cup.py --src_file ./output2_raw_merged/day_81.out --out_folder ./output3_postprocessed
86	:	1534338649.863	     0.420	0	0	0	0	./visuallize_world_cup.py --src_file ./output2_raw_merged/day_86.out --out_folder ./output3_postprocessed
83	:	1534338649.743	     0.565	0	0	0	0	./visuallize_world_cup.py --src_file ./output2_raw_merged/day_83.out --out_folder ./output3_postprocessed
85	:	1534338649.805	     0.530	0	0	0	0	./visuallize_world_cup.py --src_file ./output2_raw_merged/day_85.out --out_folder ./output3_postprocessed
84	:	1534338649.783	     0.582	0	0	0	0	./visuallize_world_cup.py --src_file ./output2_raw_merged/day_84.out --out_folder ./output3_postprocessed
87	:	1534338649.871	     0.544	0	0	0	0	./visuallize_world_cup.py --src_file ./output2_raw_merged/day_87.out --out_folder ./output3_postprocessed
90	:	1534338649.907	     0.521	0	0	0	0	./visuallize_world_cup.py --src_file ./output2_raw_merged/day_8.out --out_folder ./output3_postprocessed
89	:	1534338649.890	     0.550	0	0	0	0	./visuallize_world_cup.py --src_file ./output2_raw_merged/day_89.out --out_folder ./output3_postprocessed
92	:	1534338649.950	     0.497	0	0	0	0	./visuallize_world_cup.py --src_file ./output2_raw_merged/day_91.out --out_folder ./output3_postprocessed
88	:	1534338649.887	     0.580	0	0	0	0	./visuallize_world_cup.py --src_file ./output2_raw_merged/day_88.out --out_folder ./output3_postprocessed
96	:	1534338650.004	     0.466	0	0	0	0	./visuallize_world_cup.py --src_file ./output2_raw_merged/day_95.out --out_folder ./output3_postprocessed
91	:	1534338649.923	     0.580	0	0	0	0	./visuallize_world_cup.py --src_file ./output2_raw_merged/day_90.out --out_folder ./output3_postprocessed
93	:	1534338649.958	     0.565	0	0	0	0	./visuallize_world_cup.py --src_file ./output2_raw_merged/day_92.out --out_folder ./output3_postprocessed
98	:	1534338650.129	     0.414	0	0	0	0	./visuallize_world_cup.py --src_file ./output2_raw_merged/day_97.out --out_folder ./output3_postprocessed
95	:	1534338649.991	     0.562	0	0	0	0	./visuallize_world_cup.py --src_file ./output2_raw_merged/day_94.out --out_folder ./output3_postprocessed
94	:	1534338649.976	     0.578	0	0	0	0	./visuallize_world_cup.py --src_file ./output2_raw_merged/day_93.out --out_folder ./output3_postprocessed
97	:	1534338650.078	     0.500	0	0	0	0	./visuallize_world_cup.py --src_file ./output2_raw_merged/day_96.out --out_folder ./output3_postprocessed
99	:	1534338650.138	     0.454	0	0	0	0	./visuallize_world_cup.py --src_file ./output2_raw_merged/day_98.out --out_folder ./output3_postprocessed
101	:	1534338650.175	     0.437	0	0	0	0	./visuallize_world_cup.py --src_file ./output2_raw_merged/day_9.out --out_folder ./output3_postprocessed
100	:	1534338650.155	     0.462	0	0	0	0	./visuallize_world_cup.py --src_file ./output2_raw_merged/day_99.out --out_folder ./output3_postprocessed
3	:	1534338647.318	    68.269	0	0	0	0	./visuallize_world_cup.py --src_file ./output2_raw_merged/day_10.out --out_folder ./output3_postprocessed
